Drill report for Display-PLAY-Me_2.kicad_pcb
Created on 2024-08-26T17:53:24+0200

Copper Layer Stackup:
    =============================================================
    L1 :  F.Cu                      front
    L2 :  B.Cu                      back


Drill file 'Display-PLAY-Me_2-PTH-drl.gbr' contains
    plated through holes:
    =============================================================
    T1  0,600mm  0,0236"  (23 holes)
    T2  0,750mm  0,0295"  (3 holes)
    T3  0,800mm  0,0315"  (42 holes)
    T4  0,900mm  0,0354"  (6 holes)
    T5  0,990mm  0,0390"  (2 holes)
    T6  1,000mm  0,0394"  (37 holes)  (with 3 slots)
    T7  1,300mm  0,0512"  (2 holes)
    T8  1,400mm  0,0551"  (4 holes)
    T9  3,200mm  0,1260"  (4 holes)
    T10  3,500mm  0,1378"  (1 hole)

    Total plated holes count 124


Drill file 'Display-PLAY-Me_2-NPTH-drl.gbr' contains
    unplated through holes:
    =============================================================
    T1  3,500mm  0,1378"  (3 holes)

    Total unplated holes count 3
